\BOOKMARK [0][-]{chapter*.4}{\376\377\000I\000n\000t\000r\000o\000d\000u\000c\000t\000i\000o\000n}{}% 1
\BOOKMARK [1][-]{section.0.1}{\376\377\000C\000o\000n\000t\000e\000x\000t\000\040\000a\000n\000d\000\040\000O\000b\000j\000e\000c\000t\000i\000v\000e\000s}{chapter*.4}% 2
\BOOKMARK [1][-]{section.0.2}{\376\377\000P\000r\000o\000j\000e\000c\000t\000\040\000S\000t\000r\000u\000c\000t\000u\000r\000e}{chapter*.4}% 3
\BOOKMARK [0][-]{chapter.1}{\376\377\000O\000F\000D\000M\000\040\000S\000y\000s\000t\000e\000m\000\040\000M\000o\000d\000e\000l}{}% 4
\BOOKMARK [1][-]{section.1.1}{\376\377\000T\000h\000e\000o\000r\000e\000t\000i\000c\000a\000l\000\040\000B\000a\000c\000k\000g\000r\000o\000u\000n\000d}{chapter.1}% 5
\BOOKMARK [2][-]{subsection.1.1.1}{\376\377\000M\000u\000l\000t\000i\000-\000C\000a\000r\000r\000i\000e\000r\000\040\000P\000r\000i\000n\000c\000i\000p\000l\000e\000\040\000a\000n\000d\000\040\000O\000r\000t\000h\000o\000g\000o\000n\000a\000l\000i\000t\000y}{section.1.1}% 6
\BOOKMARK [2][-]{subsection.1.1.2}{\376\377\000C\000y\000c\000l\000i\000c\000\040\000P\000r\000e\000f\000i\000x\000\040\000a\000n\000d\000\040\000F\000r\000e\000q\000u\000e\000n\000c\000y\000\040\000D\000o\000m\000a\000i\000n\000\040\000E\000q\000u\000a\000l\000i\000z\000a\000t\000i\000o\000n}{section.1.1}% 7
\BOOKMARK [1][-]{section.1.2}{\376\377\000I\000m\000p\000l\000e\000m\000e\000n\000t\000a\000t\000i\000o\000n\000:\000\040\000T\000h\000e\000\040\000O\000F\000D\000M\000\040\000T\000r\000a\000n\000s\000c\000e\000i\000v\000e\000r}{chapter.1}% 8
\BOOKMARK [2][-]{subsection.1.2.1}{\376\377\000S\000i\000m\000u\000l\000a\000t\000i\000o\000n\000\040\000P\000a\000r\000a\000m\000e\000t\000e\000r\000s\000\040\000a\000n\000d\000\040\000A\000r\000c\000h\000i\000t\000e\000c\000t\000u\000r\000e}{section.1.2}% 9
\BOOKMARK [2][-]{subsection.1.2.2}{\376\377\000S\000a\000n\000i\000t\000y\000\040\000C\000h\000e\000c\000k\000:\000\040\000T\000h\000e\000\040\000"\000G\000r\000e\000y\000\040\000B\000o\000x\000"}{section.1.2}% 10
\BOOKMARK [1][-]{section.1.3}{\376\377\000P\000e\000r\000f\000o\000r\000m\000a\000n\000c\000e\000\040\000A\000s\000s\000e\000s\000s\000m\000e\000n\000t}{chapter.1}% 11
\BOOKMARK [2][-]{subsection.1.3.1}{\376\377\000A\000W\000G\000N\000\040\000P\000e\000r\000f\000o\000r\000m\000a\000n\000c\000e}{section.1.3}% 12
\BOOKMARK [2][-]{subsection.1.3.2}{\376\377\000M\000u\000l\000t\000i\000p\000a\000t\000h\000\040\000C\000h\000a\000n\000n\000e\000l\000\040\000a\000n\000d\000\040\000O\000n\000e\000-\000T\000a\000p\000\040\000E\000q\000u\000a\000l\000i\000z\000a\000t\000i\000o\000n}{section.1.3}% 13
\BOOKMARK [0][-]{chapter.2}{\376\377\000C\000h\000a\000n\000n\000e\000l\000\040\000E\000s\000t\000i\000m\000a\000t\000i\000o\000n\000\040\000a\000n\000d\000\040\000E\000q\000u\000a\000l\000i\000z\000a\000t\000i\000o\000n}{}% 14
\BOOKMARK [1][-]{section.2.1}{\376\377\000E\000s\000t\000i\000m\000a\000t\000i\000o\000n\000\040\000T\000h\000e\000o\000r\000y}{chapter.2}% 15
\BOOKMARK [2][-]{subsection.2.1.1}{\376\377\000P\000r\000e\000a\000m\000b\000l\000e\000-\000B\000a\000s\000e\000d\000\040\000E\000s\000t\000i\000m\000a\000t\000i\000o\000n}{section.2.1}% 16
\BOOKMARK [2][-]{subsection.2.1.2}{\376\377\000L\000S\000\040\000v\000s\000.\000\040\000T\000i\000m\000e\000-\000D\000o\000m\000a\000i\000n\000\040\000E\000s\000t\000i\000m\000a\000t\000i\000o\000n}{section.2.1}% 17
\BOOKMARK [1][-]{section.2.2}{\376\377\000I\000m\000p\000l\000e\000m\000e\000n\000t\000a\000t\000i\000o\000n\000\040\000o\000f\000\040\000E\000s\000t\000i\000m\000a\000t\000o\000r\000s}{chapter.2}% 18
\BOOKMARK [2][-]{subsection.2.2.1}{\376\377\000P\000r\000e\000a\000m\000b\000l\000e\000\040\000C\000o\000n\000s\000t\000r\000u\000c\000t\000i\000o\000n}{section.2.2}% 19
\BOOKMARK [2][-]{subsection.2.2.2}{\376\377\000A\000l\000g\000o\000r\000i\000t\000h\000m\000s\000\040\000I\000m\000p\000l\000e\000m\000e\000n\000t\000a\000t\000i\000o\000n}{section.2.2}% 20
\BOOKMARK [1][-]{section.2.3}{\376\377\000A\000n\000a\000l\000y\000s\000i\000s\000\040\000a\000n\000d\000\040\000R\000e\000s\000u\000l\000t\000s}{chapter.2}% 21
\BOOKMARK [2][-]{subsection.2.3.1}{\376\377\000E\000s\000t\000i\000m\000a\000t\000i\000o\000n\000\040\000A\000c\000c\000u\000r\000a\000c\000y\000\040\000\050\000M\000S\000E\000\051}{section.2.3}% 22
\BOOKMARK [2][-]{subsection.2.3.2}{\376\377\000B\000E\000R\000\040\000I\000m\000p\000a\000c\000t\000\040\000o\000f\000\040\000R\000e\000a\000l\000\040\000E\000s\000t\000i\000m\000a\000t\000i\000o\000n}{section.2.3}% 23
\BOOKMARK [0][-]{chapter.3}{\376\377\000S\000y\000n\000c\000h\000r\000o\000n\000i\000z\000a\000t\000i\000o\000n}{}% 24
\BOOKMARK [1][-]{section.3.1}{\376\377\000T\000i\000m\000e\000\040\000S\000y\000n\000c\000h\000r\000o\000n\000i\000z\000a\000t\000i\000o\000n}{chapter.3}% 25
\BOOKMARK [2][-]{subsection.3.1.1}{\376\377\000T\000h\000e\000o\000r\000y\000:\000\040\000S\000c\000h\000m\000i\000d\000l\000\040\000\046\000\040\000C\000o\000x\000\040\000A\000l\000g\000o\000r\000i\000t\000h\000m}{section.3.1}% 26
\BOOKMARK [2][-]{subsection.3.1.2}{\376\377\000I\000m\000p\000l\000e\000m\000e\000n\000t\000a\000t\000i\000o\000n\000:\000\040\000P\000a\000c\000k\000e\000t\000\040\000D\000e\000t\000e\000c\000t\000i\000o\000n}{section.3.1}% 27
\BOOKMARK [2][-]{subsection.3.1.3}{\376\377\000A\000n\000a\000l\000y\000s\000i\000s\000:\000\040\000T\000i\000m\000i\000n\000g\000\040\000M\000S\000E\000\040\000a\000n\000d\000\040\000R\000o\000b\000u\000s\000t\000n\000e\000s\000s}{section.3.1}% 28
\BOOKMARK [1][-]{section.3.2}{\376\377\000F\000r\000e\000q\000u\000e\000n\000c\000y\000\040\000S\000y\000n\000c\000h\000r\000o\000n\000i\000z\000a\000t\000i\000o\000n\000\040\000\050\000C\000F\000O\000\051}{chapter.3}% 29
\BOOKMARK [2][-]{subsection.3.2.1}{\376\377\000T\000h\000e\000o\000r\000y\000:\000\040\000C\000F\000O\000\040\000E\000f\000f\000e\000c\000t\000s\000\040\000a\000n\000d\000\040\000C\000o\000r\000r\000e\000c\000t\000i\000o\000n}{section.3.2}% 30
\BOOKMARK [2][-]{subsection.3.2.2}{\376\377\000I\000m\000p\000l\000e\000m\000e\000n\000t\000a\000t\000i\000o\000n\000:\000\040\000C\000o\000a\000r\000s\000e\000\040\000a\000n\000d\000\040\000F\000i\000n\000e\000\040\000T\000r\000a\000c\000k\000i\000n\000g}{section.3.2}% 31
\BOOKMARK [2][-]{subsection.3.2.3}{\376\377\000A\000n\000a\000l\000y\000s\000i\000s\000:\000\040\000C\000o\000n\000s\000t\000e\000l\000l\000a\000t\000i\000o\000n\000\040\000S\000t\000a\000b\000i\000l\000i\000t\000y}{section.3.2}% 32
\BOOKMARK [0][-]{chapter.4}{\376\377\000M\000u\000l\000t\000i\000-\000A\000n\000t\000e\000n\000n\000a\000\040\000S\000y\000s\000t\000e\000m\000s}{}% 33
\BOOKMARK [1][-]{section.4.1}{\376\377\000M\000I\000M\000O\000\040\000T\000h\000e\000o\000r\000y}{chapter.4}% 34
\BOOKMARK [2][-]{subsection.4.1.1}{\376\377\000S\000p\000a\000t\000i\000a\000l\000\040\000D\000i\000v\000e\000r\000s\000i\000t\000y\000\040\000a\000n\000d\000\040\000A\000r\000r\000a\000y\000\040\000G\000a\000i\000n}{section.4.1}% 35
\BOOKMARK [2][-]{subsection.4.1.2}{\376\377\000M\000a\000x\000i\000m\000u\000m\000\040\000R\000a\000t\000i\000o\000\040\000C\000o\000m\000b\000i\000n\000i\000n\000g\000\040\000\050\000M\000R\000C\000\051}{section.4.1}% 36
\BOOKMARK [1][-]{section.4.2}{\376\377\000I\000m\000p\000l\000e\000m\000e\000n\000t\000a\000t\000i\000o\000n\000:\000\040\000S\000I\000M\000O\000\040\000A\000r\000c\000h\000i\000t\000e\000c\000t\000u\000r\000e}{chapter.4}% 37
\BOOKMARK [2][-]{subsection.4.2.1}{\376\377\000C\000h\000a\000n\000n\000e\000l\000\040\000G\000e\000n\000e\000r\000a\000t\000i\000o\000n\000\040\000f\000o\000r\000\040\000N\000R\000\040\000A\000n\000t\000e\000n\000n\000a\000s}{section.4.2}% 38
\BOOKMARK [2][-]{subsection.4.2.2}{\376\377\000S\000y\000n\000c\000h\000r\000o\000n\000i\000z\000a\000t\000i\000o\000n\000\040\000A\000v\000e\000r\000a\000g\000i\000n\000g\000\040\000a\000n\000d\000\040\000M\000R\000C\000\040\000E\000q\000u\000a\000l\000i\000z\000e\000r}{section.4.2}% 39
\BOOKMARK [1][-]{section.4.3}{\376\377\000A\000n\000a\000l\000y\000s\000i\000s\000:\000\040\000D\000i\000v\000e\000r\000s\000i\000t\000y\000\040\000G\000a\000i\000n}{chapter.4}% 40
\BOOKMARK [2][-]{subsection.4.3.1}{\376\377\000P\000e\000r\000f\000o\000r\000m\000a\000n\000c\000e\000\040\000C\000o\000m\000p\000a\000r\000i\000s\000o\000n\000:\000\040\0001\000\040\0001\000,\000\040\0001\000\040\0002\000,\000\040\0001\000\040\0004}{section.4.3}% 41
\BOOKMARK [0][-]{chapter.5}{\376\377\000C\000o\000n\000c\000l\000u\000s\000i\000o\000n}{}% 42
\BOOKMARK [1][-]{section.5.1}{\376\377\000S\000u\000m\000m\000a\000r\000y\000\040\000o\000f\000\040\000A\000c\000h\000i\000e\000v\000e\000m\000e\000n\000t\000s}{chapter.5}% 43
\BOOKMARK [1][-]{section.5.2}{\376\377\000C\000r\000i\000t\000i\000c\000a\000l\000\040\000A\000n\000a\000l\000y\000s\000i\000s\000\040\000o\000f\000\040\000R\000e\000s\000u\000l\000t\000s}{chapter.5}% 44
\BOOKMARK [1][-]{section.5.3}{\376\377\000F\000u\000t\000u\000r\000e\000\040\000P\000e\000r\000s\000p\000e\000c\000t\000i\000v\000e\000s}{chapter.5}% 45
\BOOKMARK [0][-]{appendix.A}{\376\377\000M\000a\000t\000l\000a\000b\000\040\000C\000o\000d\000e}{}% 46
